#! /usr/bin/vvp
:ivl_version "12.0 (stable)";
:ivl_delay_selection "TYPICAL";
:vpi_time_precision + 0;
:vpi_module "/usr/lib/x86_64-linux-gnu/ivl/system.vpi";
:vpi_module "/usr/lib/x86_64-linux-gnu/ivl/vhdl_sys.vpi";
:vpi_module "/usr/lib/x86_64-linux-gnu/ivl/vhdl_textio.vpi";
:vpi_module "/usr/lib/x86_64-linux-gnu/ivl/v2005_math.vpi";
:vpi_module "/usr/lib/x86_64-linux-gnu/ivl/va_math.vpi";
S_0x5e9cf33fc8f0 .scope module, "tb" "tb" 2 53;
 .timescale 0 0;
v0x5e9cf3410de0_0 .var "clk", 0 0;
v0x5e9cf3410ea0_0 .net "hrs", 4 0, v0x5e9cf3410980_0;  1 drivers
v0x5e9cf3410f70_0 .net "mins", 5 0, v0x5e9cf3410a60_0;  1 drivers
v0x5e9cf3411070_0 .var "rst", 0 0;
v0x5e9cf3411140_0 .net "sec", 5 0, v0x5e9cf3410c10_0;  1 drivers
S_0x5e9cf33fca80 .scope module, "dut" "clock" 2 61, 2 2 0, S_0x5e9cf33fc8f0;
 .timescale 0 0;
    .port_info 0 /INPUT 1 "clk";
    .port_info 1 /INPUT 1 "rst";
    .port_info 2 /OUTPUT 5 "hrs";
    .port_info 3 /OUTPUT 6 "mins";
    .port_info 4 /OUTPUT 6 "sec";
v0x5e9cf33fcc80_0 .net "clk", 0 0, v0x5e9cf3410de0_0;  1 drivers
v0x5e9cf3410980_0 .var "hrs", 4 0;
v0x5e9cf3410a60_0 .var "mins", 5 0;
v0x5e9cf3410b50_0 .net "rst", 0 0, v0x5e9cf3411070_0;  1 drivers
v0x5e9cf3410c10_0 .var "sec", 5 0;
E_0x5e9cf33f94e0 .event posedge, v0x5e9cf3410b50_0, v0x5e9cf33fcc80_0;
    .scope S_0x5e9cf33fca80;
T_0 ;
    %wait E_0x5e9cf33f94e0;
    %load/vec4 v0x5e9cf3410b50_0;
    %inv;
    %flag_set/vec4 8;
    %jmp/0xz  T_0.0, 8;
    %pushi/vec4 0, 0, 5;
    %assign/vec4 v0x5e9cf3410980_0, 0;
    %pushi/vec4 0, 0, 6;
    %assign/vec4 v0x5e9cf3410a60_0, 0;
    %pushi/vec4 0, 0, 6;
    %assign/vec4 v0x5e9cf3410c10_0, 0;
    %jmp T_0.1;
T_0.0 ;
    %load/vec4 v0x5e9cf3410c10_0;
    %pad/u 32;
    %cmpi/e 59, 0, 32;
    %jmp/0xz  T_0.2, 4;
    %pushi/vec4 0, 0, 6;
    %assign/vec4 v0x5e9cf3410c10_0, 0;
    %load/vec4 v0x5e9cf3410a60_0;
    %pad/u 32;
    %cmpi/e 59, 0, 32;
    %jmp/0xz  T_0.4, 4;
    %pushi/vec4 0, 0, 6;
    %assign/vec4 v0x5e9cf3410a60_0, 0;
    %load/vec4 v0x5e9cf3410980_0;
    %pad/u 32;
    %cmpi/e 23, 0, 32;
    %jmp/0xz  T_0.6, 4;
    %pushi/vec4 0, 0, 5;
    %assign/vec4 v0x5e9cf3410980_0, 0;
    %jmp T_0.7;
T_0.6 ;
    %load/vec4 v0x5e9cf3410980_0;
    %addi 1, 0, 5;
    %assign/vec4 v0x5e9cf3410980_0, 0;
T_0.7 ;
    %jmp T_0.5;
T_0.4 ;
    %load/vec4 v0x5e9cf3410a60_0;
    %addi 1, 0, 6;
    %assign/vec4 v0x5e9cf3410a60_0, 0;
T_0.5 ;
    %jmp T_0.3;
T_0.2 ;
    %load/vec4 v0x5e9cf3410c10_0;
    %addi 1, 0, 6;
    %assign/vec4 v0x5e9cf3410c10_0, 0;
T_0.3 ;
T_0.1 ;
    %jmp T_0;
    .thread T_0;
    .scope S_0x5e9cf33fc8f0;
T_1 ;
    %delay 1, 0;
    %load/vec4 v0x5e9cf3410de0_0;
    %inv;
    %store/vec4 v0x5e9cf3410de0_0, 0, 1;
    %jmp T_1;
    .thread T_1;
    .scope S_0x5e9cf33fc8f0;
T_2 ;
    %vpi_call 2 66 "$monitor", "  hours  = %d   ::    minute  = %d   ::    second =%d ", v0x5e9cf3410ea0_0, v0x5e9cf3410f70_0, v0x5e9cf3411140_0 {0 0 0};
    %pushi/vec4 0, 0, 1;
    %store/vec4 v0x5e9cf3410de0_0, 0, 1;
    %pushi/vec4 0, 0, 1;
    %store/vec4 v0x5e9cf3411070_0, 0, 1;
    %delay 20, 0;
    %pushi/vec4 1, 0, 1;
    %store/vec4 v0x5e9cf3411070_0, 0, 1;
    %delay 172800, 0;
    %pushi/vec4 0, 0, 1;
    %store/vec4 v0x5e9cf3411070_0, 0, 1;
    %delay 120, 0;
    %vpi_call 2 71 "$finish" {0 0 0};
    %end;
    .thread T_2;
    .scope S_0x5e9cf33fc8f0;
T_3 ;
    %vpi_call 2 76 "$dumpfile", "dump.vcd" {0 0 0};
    %vpi_call 2 77 "$dumpvars", 32'sb00000000000000000000000000000000, S_0x5e9cf33fc8f0 {0 0 0};
    %end;
    .thread T_3;
# The file index is used to find the file name in the following table.
:file_names 3;
    "N/A";
    "<interactive>";
    "clock.v";
